<?xml version="1.0" encoding="UTF-8"?>
<testng-results ignored="0" total="1" passed="1" failed="0" skipped="0">
  <reporter-output>
  </reporter-output>
  <suite started-at="2023-04-28T18:37:48 IST" name="Default suite" finished-at="2023-04-28T18:37:48 IST" duration-ms="42">
    <groups>
    </groups>
    <test started-at="2023-04-28T18:37:48 IST" name="Default test" finished-at="2023-04-28T18:37:48 IST" duration-ms="42">
      <class name="jenkinproject.sample$SampleTest">
        <test-method signature="test()[pri:0, instance:jenkinproject.sample$SampleTest@932bc4a]" started-at="2023-04-28T18:37:48 IST" name="test" finished-at="2023-04-28T18:37:48 IST" duration-ms="7" status="PASS">
          <reporter-output>
          </reporter-output>
        </test-method> <!-- test -->
      </class> <!-- jenkinproject.sample$SampleTest -->
    </test> <!-- Default test -->
  </suite> <!-- Default suite -->
</testng-results>
